Time resolution is 1 ps
OUTPUT MATCHES INPUT e8==e8
OUTPUT MATCHES INPUT ba==ba
OUTPUT MATCHES INPUT cd==cd
OUTPUT MATCHES INPUT ae==ae
OUTPUT MATCHES INPUT 69==69
OUTPUT MATCHES INPUT 5e==5e
OUTPUT MATCHES INPUT fd==fd
OUTPUT MATCHES INPUT 65==65
OUTPUT MATCHES INPUT 38==38
OUTPUT MATCHES INPUT d1==d1
OUTPUT MATCHES INPUT 3==3
OUTPUT MATCHES INPUT 5d==5d
OUTPUT MATCHES INPUT 56==56
OUTPUT MATCHES INPUT 6a==6a
OUTPUT MATCHES INPUT c4==c4
OUTPUT MATCHES INPUT 97==97
OUTPUT MATCHES INPUT d4==d4
OUTPUT MATCHES INPUT ab==ab
OUTPUT MATCHES INPUT f6==f6
OUTPUT MATCHES INPUT 96==96
OUTPUT MATCHES INPUT 45==45
OUTPUT MATCHES INPUT 87==87
OUTPUT MATCHES INPUT aa==aa
OUTPUT MATCHES INPUT f4==f4
OUTPUT MATCHES INPUT 79==79
OUTPUT MATCHES INPUT 84==84
OUTPUT MATCHES INPUT d9==d9
OUTPUT MATCHES INPUT 14==14
OUTPUT MATCHES INPUT b4==b4
OUTPUT MATCHES INPUT 53==53
OUTPUT MATCHES INPUT 30==30
OUTPUT MATCHES INPUT 73==73
OUTPUT MATCHES INPUT fa==fa
OUTPUT MATCHES INPUT bf==bf
OUTPUT MATCHES INPUT 7a==7a
OUTPUT MATCHES INPUT 4d==4d
OUTPUT MATCHES INPUT d7==d7
OUTPUT MATCHES INPUT 5b==5b
OUTPUT MATCHES INPUT be==be
OUTPUT MATCHES INPUT ea==ea
OUTPUT MATCHES INPUT 2b==2b
OUTPUT MATCHES INPUT 17==17
OUTPUT MATCHES INPUT df==df
OUTPUT MATCHES INPUT 75==75
OUTPUT MATCHES INPUT f1==f1
OUTPUT MATCHES INPUT c8==c8
OUTPUT MATCHES INPUT 82==82
OUTPUT MATCHES INPUT 6==6
OUTPUT MATCHES INPUT dc==dc
OUTPUT MATCHES INPUT 43==43
OUTPUT MATCHES INPUT 98==98
OUTPUT MATCHES INPUT 8b==8b
OUTPUT MATCHES INPUT 9==9
OUTPUT MATCHES INPUT 1f==1f
OUTPUT MATCHES INPUT f9==f9
OUTPUT MATCHES INPUT e2==e2
OUTPUT MATCHES INPUT 9b==9b
OUTPUT MATCHES INPUT d5==d5
OUTPUT MATCHES INPUT 21==21
OUTPUT MATCHES INPUT 86==86
OUTPUT MATCHES INPUT 2f==2f
OUTPUT MATCHES INPUT 1b==1b
OUTPUT MATCHES INPUT 47==47
OUTPUT MATCHES INPUT 94==94
OUTPUT MATCHES INPUT 7f==7f
OUTPUT MATCHES INPUT 93==93
OUTPUT MATCHES INPUT 40==40
OUTPUT MATCHES INPUT ca==ca
OUTPUT MATCHES INPUT c7==c7
OUTPUT MATCHES INPUT 24==24
OUTPUT MATCHES INPUT e4==e4
OUTPUT MATCHES INPUT a2==a2
OUTPUT MATCHES INPUT 22==22
OUTPUT MATCHES INPUT 99==99
OUTPUT MATCHES INPUT bc==bc
OUTPUT MATCHES INPUT 32==32
OUTPUT MATCHES INPUT 81==81
OUTPUT MATCHES INPUT fc==fc
OUTPUT MATCHES INPUT 5f==5f
OUTPUT MATCHES INPUT 3c==3c
OUTPUT MATCHES INPUT 55==55
OUTPUT MATCHES INPUT 72==72
OUTPUT MATCHES INPUT af==af
OUTPUT MATCHES INPUT 7e==7e
OUTPUT MATCHES INPUT 4==4
OUTPUT MATCHES INPUT b6==b6
OUTPUT MATCHES INPUT d6==d6
OUTPUT MATCHES INPUT 33==33
OUTPUT MATCHES INPUT 8d==8d
OUTPUT MATCHES INPUT 54==54
OUTPUT MATCHES INPUT f==f
OUTPUT MATCHES INPUT 5a==5a
OUTPUT MATCHES INPUT 51==51
OUTPUT MATCHES INPUT 39==39
OUTPUT MATCHES INPUT ad==ad
OUTPUT MATCHES INPUT ac==ac
OUTPUT MATCHES INPUT 70==70
OUTPUT MATCHES INPUT 3e==3e
OUTPUT MATCHES INPUT 9f==9f
OUTPUT MATCHES INPUT 6c==6c
OUTPUT MATCHES INPUT a5==a5
OUTPUT MATCHES INPUT e3==e3
OUTPUT MATCHES INPUT 8==8
OUTPUT MATCHES INPUT 76==76
OUTPUT MATCHES INPUT 31==31
OUTPUT MATCHES INPUT 44==44
OUTPUT MATCHES INPUT 3d==3d
OUTPUT MATCHES INPUT 6f==6f
OUTPUT MATCHES INPUT a9==a9
OUTPUT MATCHES INPUT 37==37
OUTPUT MATCHES INPUT 9d==9d
OUTPUT MATCHES INPUT 2e==2e
OUTPUT MATCHES INPUT a1==a1
OUTPUT MATCHES INPUT b9==b9
OUTPUT MATCHES INPUT ff==ff
OUTPUT MATCHES INPUT 3b==3b
OUTPUT MATCHES INPUT 4a==4a
OUTPUT MATCHES INPUT b3==b3
OUTPUT MATCHES INPUT 6e==6e
OUTPUT MATCHES INPUT 71==71
OUTPUT MATCHES INPUT ce==ce
OUTPUT MATCHES INPUT 34==34
OUTPUT MATCHES INPUT d==d
OUTPUT MATCHES INPUT 6d==6d
OUTPUT MATCHES INPUT 4c==4c
OUTPUT MATCHES INPUT 50==50
OUTPUT MATCHES INPUT 19==19
OUTPUT MATCHES INPUT 1e==1e
OUTPUT MATCHES INPUT b2==b2
OUTPUT MATCHES INPUT 67==67
OUTPUT MATCHES INPUT a8==a8
OUTPUT MATCHES INPUT a3==a3
OUTPUT MATCHES INPUT 35==35
OUTPUT MATCHES INPUT 6b==6b
OUTPUT MATCHES INPUT 15==15
OUTPUT MATCHES INPUT 66==66
OUTPUT MATCHES INPUT 9c==9c
OUTPUT MATCHES INPUT 4f==4f
OUTPUT MATCHES INPUT 57==57
OUTPUT MATCHES INPUT c6==c6
OUTPUT MATCHES INPUT f2==f2
OUTPUT MATCHES INPUT 28==28
OUTPUT MATCHES INPUT 52==52
OUTPUT MATCHES INPUT a7==a7
OUTPUT MATCHES INPUT f0==f0
OUTPUT MATCHES INPUT cb==cb
OUTPUT MATCHES INPUT 13==13
OUTPUT MATCHES INPUT 60==60
OUTPUT MATCHES INPUT b==b
OUTPUT MATCHES INPUT 59==59
OUTPUT MATCHES INPUT 27==27
OUTPUT MATCHES INPUT fb==fb
OUTPUT MATCHES INPUT fe==fe
OUTPUT MATCHES INPUT 89==89
OUTPUT MATCHES INPUT 10==10
OUTPUT MATCHES INPUT bd==bd
OUTPUT MATCHES INPUT e5==e5
OUTPUT MATCHES INPUT 26==26
OUTPUT MATCHES INPUT 64==64
OUTPUT MATCHES INPUT 2a==2a
OUTPUT MATCHES INPUT b7==b7
OUTPUT MATCHES INPUT e1==e1
OUTPUT MATCHES INPUT 7==7
OUTPUT MATCHES INPUT f8==f8
OUTPUT MATCHES INPUT c3==c3
OUTPUT MATCHES INPUT ee==ee
OUTPUT MATCHES INPUT eb==eb
OUTPUT MATCHES INPUT c5==c5
OUTPUT MATCHES INPUT f7==f7
OUTPUT MATCHES INPUT 8e==8e
OUTPUT MATCHES INPUT dd==dd
OUTPUT MATCHES INPUT 61==61
OUTPUT MATCHES INPUT ed==ed
OUTPUT MATCHES INPUT 7d==7d
OUTPUT MATCHES INPUT bb==bb
OUTPUT MATCHES INPUT 83==83
OUTPUT MATCHES INPUT e0==e0
OUTPUT MATCHES INPUT 12==12
OUTPUT MATCHES INPUT c==c
OUTPUT MATCHES INPUT 5c==5c
OUTPUT MATCHES INPUT e7==e7
OUTPUT MATCHES INPUT f5==f5
OUTPUT MATCHES INPUT d2==d2
OUTPUT MATCHES INPUT 3a==3a
OUTPUT MATCHES INPUT 1d==1d
OUTPUT MATCHES INPUT e9==e9
OUTPUT MATCHES INPUT 18==18
OUTPUT MATCHES INPUT d0==d0
OUTPUT MATCHES INPUT 68==68
OUTPUT MATCHES INPUT 48==48
OUTPUT MATCHES INPUT 9e==9e
OUTPUT MATCHES INPUT 4e==4e
OUTPUT MATCHES INPUT 2c==2c
OUTPUT MATCHES INPUT 3f==3f
OUTPUT MATCHES INPUT 23==23
OUTPUT MATCHES INPUT cf==cf
OUTPUT MATCHES INPUT b8==b8
OUTPUT MATCHES INPUT a0==a0
OUTPUT MATCHES INPUT a6==a6
OUTPUT MATCHES INPUT 42==42
OUTPUT MATCHES INPUT 41==41
OUTPUT MATCHES INPUT c9==c9
OUTPUT MATCHES INPUT 4b==4b
OUTPUT MATCHES INPUT a4==a4
OUTPUT MATCHES INPUT 25==25
OUTPUT MATCHES INPUT cc==cc
OUTPUT MATCHES INPUT b0==b0
OUTPUT MATCHES INPUT c2==c2
OUTPUT MATCHES INPUT d3==d3
OUTPUT MATCHES INPUT 11==11
OUTPUT MATCHES INPUT 62==62
OUTPUT MATCHES INPUT 1a==1a
OUTPUT MATCHES INPUT 1c==1c
OUTPUT MATCHES INPUT 1==1
OUTPUT MATCHES INPUT 8c==8c
OUTPUT MATCHES INPUT b5==b5
OUTPUT MATCHES INPUT db==db
OUTPUT MATCHES INPUT 90==90
OUTPUT MATCHES INPUT f3==f3
OUTPUT MATCHES INPUT ef==ef
OUTPUT MATCHES INPUT c1==c1
OUTPUT MATCHES INPUT 36==36
OUTPUT MATCHES INPUT 2d==2d
OUTPUT MATCHES INPUT 74==74
OUTPUT MATCHES INPUT 78==78
OUTPUT MATCHES INPUT e==e
OUTPUT MATCHES INPUT 7b==7b
OUTPUT MATCHES INPUT 80==80
OUTPUT MATCHES INPUT 5==5
OUTPUT MATCHES INPUT 85==85
OUTPUT MATCHES INPUT 8a==8a
OUTPUT MATCHES INPUT 49==49
OUTPUT MATCHES INPUT 8f==8f
OUTPUT MATCHES INPUT 7c==7c
OUTPUT MATCHES INPUT 77==77
OUTPUT MATCHES INPUT 58==58
OUTPUT MATCHES INPUT 0==0
OUTPUT MATCHES INPUT 2==2
OUTPUT MATCHES INPUT 46==46
OUTPUT MATCHES INPUT ec==ec
OUTPUT MATCHES INPUT 95==95
OUTPUT MATCHES INPUT c0==c0
OUTPUT MATCHES INPUT 20==20
OUTPUT MATCHES INPUT 9a==9a
OUTPUT MATCHES INPUT 88==88
OUTPUT MATCHES INPUT a==a
OUTPUT MATCHES INPUT da==da
OUTPUT MATCHES INPUT b1==b1
OUTPUT MATCHES INPUT 92==92
OUTPUT MATCHES INPUT 91==91
OUTPUT MATCHES INPUT d8==d8
OUTPUT MATCHES INPUT 29==29
OUTPUT MATCHES INPUT 16==16
OUTPUT MATCHES INPUT e6==e6
OUTPUT MATCHES INPUT de==de
OUTPUT MATCHES INPUT 63==63
=================
 PASS=256 
 FAIL=0 
=================
$finish called at time : 22367630 ns : File "C:/Users/Jagakishan/Vivado/SystemVerilog/UART_verification/UART_verification.srcs/sim_1/new/tb.sv" Line 62
