Time resolution is 1 ps
PASS, EXPECTED = 00, RECEIVED = 00
Error: EMPTY FLAG ERROR
Time: 111 ns  Iteration: 0  Process: /$unit_fifo_sv_1410282491/scoreboard::main  Scope: $unit_fifo_sv_1410282491.scoreboard::main  File: C:/Users/Jagakishan/Vivado/SystemVerilog/Asynchronous_FIFO_Verfication/Asynchronous_FIFO_Verfication.srcs/sim_1/new/scoreboard.sv Line: 67
Error: EMPTY FLAG ERROR
Time: 171 ns  Iteration: 0  Process: /$unit_fifo_sv_1410282491/scoreboard::main  Scope: $unit_fifo_sv_1410282491.scoreboard::main  File: C:/Users/Jagakishan/Vivado/SystemVerilog/Asynchronous_FIFO_Verfication/Asynchronous_FIFO_Verfication.srcs/sim_1/new/scoreboard.sv Line: 67
PASS, EXPECTED = 3e, RECEIVED = 3e
PASS, EXPECTED = d1, RECEIVED = d1
PASS, EXPECTED = 1d, RECEIVED = 1d
PASS, EXPECTED = 49, RECEIVED = 49
PASS, EXPECTED = 4d, RECEIVED = 4d
PASS, EXPECTED = 7d, RECEIVED = 7d
PASS, EXPECTED = 9e, RECEIVED = 9e
PASS, EXPECTED = 61, RECEIVED = 61
PASS, EXPECTED = 7d, RECEIVED = 7d
PASS, EXPECTED = 71, RECEIVED = 71
PASS, EXPECTED = 5c, RECEIVED = 5c
PASS, EXPECTED = 6d, RECEIVED = 6d
PASS, EXPECTED = 98, RECEIVED = 98
PASS, EXPECTED = 3d, RECEIVED = 3d
PASS, EXPECTED = df, RECEIVED = df
PASS, EXPECTED = 37, RECEIVED = 37
PASS, EXPECTED = cb, RECEIVED = cb
PASS, EXPECTED = 62, RECEIVED = 62
PASS, EXPECTED = 39, RECEIVED = 39
PASS, EXPECTED = b3, RECEIVED = b3
PASS, EXPECTED = ab, RECEIVED = ab
PASS, EXPECTED = 8a, RECEIVED = 8a
PASS, EXPECTED = 8b, RECEIVED = 8b
PASS, EXPECTED = a3, RECEIVED = a3
PASS, EXPECTED = 4b, RECEIVED = 4b
PASS, EXPECTED = 60, RECEIVED = 60
PASS, EXPECTED = 9f, RECEIVED = 9f
PASS, EXPECTED = d2, RECEIVED = d2
PASS, EXPECTED = 49, RECEIVED = 49
PASS, EXPECTED = 5f, RECEIVED = 5f
PASS, EXPECTED = 0c, RECEIVED = 0c
PASS, EXPECTED = 1a, RECEIVED = 1a
PASS, EXPECTED = 1a, RECEIVED = 1a
PASS, EXPECTED = 7e, RECEIVED = 7e
PASS, EXPECTED = 5f, RECEIVED = 5f
PASS, EXPECTED = 05, RECEIVED = 05
PASS, EXPECTED = d6, RECEIVED = d6
PASS, EXPECTED = e5, RECEIVED = e5
PASS, EXPECTED = 27, RECEIVED = 27
PASS, EXPECTED = ef, RECEIVED = ef
PASS, EXPECTED = e0, RECEIVED = e0
PASS, EXPECTED = 97, RECEIVED = 97
PASS, EXPECTED = 15, RECEIVED = 15
PASS, EXPECTED = ca, RECEIVED = ca
PASS, EXPECTED = 95, RECEIVED = 95
PASS, EXPECTED = 64, RECEIVED = 64
PASS, EXPECTED = ce, RECEIVED = ce
PASS, EXPECTED = 14, RECEIVED = 14
PASS, EXPECTED = 55, RECEIVED = 55
PASS, EXPECTED = 73, RECEIVED = 73
PASS, EXPECTED = cf, RECEIVED = cf
PASS, EXPECTED = 3d, RECEIVED = 3d
PASS, EXPECTED = 63, RECEIVED = 63
PASS, EXPECTED = c5, RECEIVED = c5
PASS, EXPECTED = 65, RECEIVED = 65
PASS, EXPECTED = 73, RECEIVED = 73
PASS, EXPECTED = 66, RECEIVED = 66
Error: EMPTY FLAG ERROR
Time: 6341 ns  Iteration: 0  Process: /$unit_fifo_sv_1410282491/scoreboard::main  Scope: $unit_fifo_sv_1410282491.scoreboard::main  File: C:/Users/Jagakishan/Vivado/SystemVerilog/Asynchronous_FIFO_Verfication/Asynchronous_FIFO_Verfication.srcs/sim_1/new/scoreboard.sv Line: 67
Error: EMPTY FLAG ERROR
Time: 6351 ns  Iteration: 0  Process: /$unit_fifo_sv_1410282491/scoreboard::main  Scope: $unit_fifo_sv_1410282491.scoreboard::main  File: C:/Users/Jagakishan/Vivado/SystemVerilog/Asynchronous_FIFO_Verfication/Asynchronous_FIFO_Verfication.srcs/sim_1/new/scoreboard.sv Line: 67
Error: EMPTY FLAG ERROR
Time: 6371 ns  Iteration: 0  Process: /$unit_fifo_sv_1410282491/scoreboard::main  Scope: $unit_fifo_sv_1410282491.scoreboard::main  File: C:/Users/Jagakishan/Vivado/SystemVerilog/Asynchronous_FIFO_Verfication/Asynchronous_FIFO_Verfication.srcs/sim_1/new/scoreboard.sv Line: 67
Error: EMPTY FLAG ERROR
Time: 6391 ns  Iteration: 0  Process: /$unit_fifo_sv_1410282491/scoreboard::main  Scope: $unit_fifo_sv_1410282491.scoreboard::main  File: C:/Users/Jagakishan/Vivado/SystemVerilog/Asynchronous_FIFO_Verfication/Asynchronous_FIFO_Verfication.srcs/sim_1/new/scoreboard.sv Line: 67
PASS, EXPECTED = 23, RECEIVED = 23
PASS, EXPECTED = 8a, RECEIVED = 8a
PASS, EXPECTED = db, RECEIVED = db
PASS, EXPECTED = e8, RECEIVED = e8
PASS, EXPECTED = e4, RECEIVED = e4
Error: EMPTY FLAG ERROR
Time: 6861 ns  Iteration: 0  Process: /$unit_fifo_sv_1410282491/scoreboard::main  Scope: $unit_fifo_sv_1410282491.scoreboard::main  File: C:/Users/Jagakishan/Vivado/SystemVerilog/Asynchronous_FIFO_Verfication/Asynchronous_FIFO_Verfication.srcs/sim_1/new/scoreboard.sv Line: 67
Error: EMPTY FLAG ERROR
Time: 6911 ns  Iteration: 0  Process: /$unit_fifo_sv_1410282491/scoreboard::main  Scope: $unit_fifo_sv_1410282491.scoreboard::main  File: C:/Users/Jagakishan/Vivado/SystemVerilog/Asynchronous_FIFO_Verfication/Asynchronous_FIFO_Verfication.srcs/sim_1/new/scoreboard.sv Line: 67
Error: EMPTY FLAG ERROR
Time: 6931 ns  Iteration: 0  Process: /$unit_fifo_sv_1410282491/scoreboard::main  Scope: $unit_fifo_sv_1410282491.scoreboard::main  File: C:/Users/Jagakishan/Vivado/SystemVerilog/Asynchronous_FIFO_Verfication/Asynchronous_FIFO_Verfication.srcs/sim_1/new/scoreboard.sv Line: 67
PASS, EXPECTED = c5, RECEIVED = c5
PASS, EXPECTED = 21, RECEIVED = 21
PASS, EXPECTED = 3f, RECEIVED = 3f
Error: EMPTY FLAG ERROR
Time: 7231 ns  Iteration: 0  Process: /$unit_fifo_sv_1410282491/scoreboard::main  Scope: $unit_fifo_sv_1410282491.scoreboard::main  File: C:/Users/Jagakishan/Vivado/SystemVerilog/Asynchronous_FIFO_Verfication/Asynchronous_FIFO_Verfication.srcs/sim_1/new/scoreboard.sv Line: 67
Error: EMPTY FLAG ERROR
Time: 7251 ns  Iteration: 0  Process: /$unit_fifo_sv_1410282491/scoreboard::main  Scope: $unit_fifo_sv_1410282491.scoreboard::main  File: C:/Users/Jagakishan/Vivado/SystemVerilog/Asynchronous_FIFO_Verfication/Asynchronous_FIFO_Verfication.srcs/sim_1/new/scoreboard.sv Line: 67
Error: EMPTY FLAG ERROR
Time: 7311 ns  Iteration: 0  Process: /$unit_fifo_sv_1410282491/scoreboard::main  Scope: $unit_fifo_sv_1410282491.scoreboard::main  File: C:/Users/Jagakishan/Vivado/SystemVerilog/Asynchronous_FIFO_Verfication/Asynchronous_FIFO_Verfication.srcs/sim_1/new/scoreboard.sv Line: 67
PASS, EXPECTED = f6, RECEIVED = f6
PASS, EXPECTED = 7a, RECEIVED = 7a
PASS, EXPECTED = f2, RECEIVED = f2
PASS, EXPECTED = 19, RECEIVED = 19
PASS, EXPECTED = 4f, RECEIVED = 4f
PASS, EXPECTED = b1, RECEIVED = b1
PASS, EXPECTED = 5b, RECEIVED = 5b
PASS, EXPECTED = b7, RECEIVED = b7
PASS, EXPECTED = c5, RECEIVED = c5
PASS, EXPECTED = c3, RECEIVED = c3
PASS, EXPECTED = 84, RECEIVED = 84
PASS, EXPECTED = 7b, RECEIVED = 7b
PASS, EXPECTED = 23, RECEIVED = 23
PASS, EXPECTED = f9, RECEIVED = f9
PASS, EXPECTED = 20, RECEIVED = 20
Error: EMPTY FLAG ERROR
Time: 9021 ns  Iteration: 0  Process: /$unit_fifo_sv_1410282491/scoreboard::main  Scope: $unit_fifo_sv_1410282491.scoreboard::main  File: C:/Users/Jagakishan/Vivado/SystemVerilog/Asynchronous_FIFO_Verfication/Asynchronous_FIFO_Verfication.srcs/sim_1/new/scoreboard.sv Line: 67
Error: EMPTY FLAG ERROR
Time: 9071 ns  Iteration: 0  Process: /$unit_fifo_sv_1410282491/scoreboard::main  Scope: $unit_fifo_sv_1410282491.scoreboard::main  File: C:/Users/Jagakishan/Vivado/SystemVerilog/Asynchronous_FIFO_Verfication/Asynchronous_FIFO_Verfication.srcs/sim_1/new/scoreboard.sv Line: 67
PASS, EXPECTED = 13, RECEIVED = 13
PASS, EXPECTED = 72, RECEIVED = 72
PASS, EXPECTED = e2, RECEIVED = e2
PASS, EXPECTED = c6, RECEIVED = c6
PASS, EXPECTED = 7f, RECEIVED = 7f
PASS, EXPECTED = 26, RECEIVED = 26
PASS, EXPECTED = 64, RECEIVED = 64
PASS, EXPECTED = 4d, RECEIVED = 4d
PASS, EXPECTED = 53, RECEIVED = 53
PASS, EXPECTED = 59, RECEIVED = 59
PASS, EXPECTED = 35, RECEIVED = 35
PASS, EXPECTED = b1, RECEIVED = b1
PASS, EXPECTED = 62, RECEIVED = 62
PASS, EXPECTED = 99, RECEIVED = 99
PASS, EXPECTED = ee, RECEIVED = ee
PASS, EXPECTED = 75, RECEIVED = 75
PASS, EXPECTED = 66, RECEIVED = 66
PASS, EXPECTED = 98, RECEIVED = 98
PASS, EXPECTED = 6f, RECEIVED = 6f
PASS, EXPECTED = 00, RECEIVED = 00
PASS, EXPECTED = 08, RECEIVED = 08
PASS, EXPECTED = e4, RECEIVED = e4
PASS, EXPECTED = de, RECEIVED = de
PASS, EXPECTED = 8d, RECEIVED = 8d
PASS, EXPECTED = 60, RECEIVED = 60
PASS, EXPECTED = 80, RECEIVED = 80
PASS, EXPECTED = 5f, RECEIVED = 5f
PASS, EXPECTED = a0, RECEIVED = a0
PASS, EXPECTED = a4, RECEIVED = a4
PASS, EXPECTED = ca, RECEIVED = ca
PASS, EXPECTED = 71, RECEIVED = 71
PASS, EXPECTED = 0f, RECEIVED = 0f
PASS, EXPECTED = 24, RECEIVED = 24
PASS, EXPECTED = 74, RECEIVED = 74
PASS, EXPECTED = 58, RECEIVED = 58
PASS, EXPECTED = 13, RECEIVED = 13
PASS, EXPECTED = 33, RECEIVED = 33
PASS, EXPECTED = de, RECEIVED = de
PASS, EXPECTED = 78, RECEIVED = 78
PASS, EXPECTED = d0, RECEIVED = d0
PASS, EXPECTED = 83, RECEIVED = 83
PASS, EXPECTED = a4, RECEIVED = a4
PASS, EXPECTED = a9, RECEIVED = a9
PASS, EXPECTED = 8e, RECEIVED = 8e
PASS, EXPECTED = 32, RECEIVED = 32
PASS, EXPECTED = 02, RECEIVED = 02
PASS, EXPECTED = 03, RECEIVED = 03
PASS, EXPECTED = be, RECEIVED = be
PASS, EXPECTED = df, RECEIVED = df
PASS, EXPECTED = 13, RECEIVED = 13
PASS, EXPECTED = 6a, RECEIVED = 6a
PASS, EXPECTED = 1c, RECEIVED = 1c
PASS, EXPECTED = 6e, RECEIVED = 6e
PASS, EXPECTED = d4, RECEIVED = d4
PASS, EXPECTED = 32, RECEIVED = 32
PASS, EXPECTED = de, RECEIVED = de
PASS, EXPECTED = d9, RECEIVED = d9
PASS, EXPECTED = 95, RECEIVED = 95
PASS, EXPECTED = 6d, RECEIVED = 6d
PASS, EXPECTED = 05, RECEIVED = 05
PASS, EXPECTED = 37, RECEIVED = 37
PASS, EXPECTED = f9, RECEIVED = f9
PASS, EXPECTED = 3a, RECEIVED = 3a
PASS, EXPECTED = 34, RECEIVED = 34
PASS, EXPECTED = 4c, RECEIVED = 4c
PASS, EXPECTED = 3d, RECEIVED = 3d
PASS, EXPECTED = 59, RECEIVED = 59
PASS, EXPECTED = 49, RECEIVED = 49
PASS, EXPECTED = 8b, RECEIVED = 8b
PASS, EXPECTED = d9, RECEIVED = d9
PASS, EXPECTED = 6e, RECEIVED = 6e
PASS, EXPECTED = 03, RECEIVED = 03
PASS, EXPECTED = 97, RECEIVED = 97
PASS, EXPECTED = a9, RECEIVED = a9
PASS, EXPECTED = 0c, RECEIVED = 0c
PASS, EXPECTED = a3, RECEIVED = a3
PASS, EXPECTED = b2, RECEIVED = b2
PASS, EXPECTED = 3b, RECEIVED = 3b
PASS, EXPECTED = c3, RECEIVED = c3
PASS, EXPECTED = ab, RECEIVED = ab
PASS, EXPECTED = 03, RECEIVED = 03
PASS, EXPECTED = 74, RECEIVED = 74
PASS, EXPECTED = 67, RECEIVED = 67
PASS, EXPECTED = e3, RECEIVED = e3
PASS, EXPECTED = f3, RECEIVED = f3
PASS, EXPECTED = 68, RECEIVED = 68
PASS, EXPECTED = 8d, RECEIVED = 8d
PASS, EXPECTED = 1f, RECEIVED = 1f
PASS, EXPECTED = ad, RECEIVED = ad
PASS, EXPECTED = 28, RECEIVED = 28
PASS, EXPECTED = 2d, RECEIVED = 2d
PASS, EXPECTED = f6, RECEIVED = f6
PASS, EXPECTED = d5, RECEIVED = d5
PASS, EXPECTED = c9, RECEIVED = c9
PASS, EXPECTED = 14, RECEIVED = 14
PASS, EXPECTED = f0, RECEIVED = f0
PASS, EXPECTED = 02, RECEIVED = 02
PASS, EXPECTED = 5c, RECEIVED = 5c
PASS, EXPECTED = 69, RECEIVED = 69
PASS, EXPECTED = 4d, RECEIVED = 4d
PASS, EXPECTED = f2, RECEIVED = f2
PASS, EXPECTED = 99, RECEIVED = 99
PASS, EXPECTED = 35, RECEIVED = 35
PASS, EXPECTED = 7f, RECEIVED = 7f
PASS, EXPECTED = f4, RECEIVED = f4
PASS, EXPECTED = 4d, RECEIVED = 4d
PASS, EXPECTED = 87, RECEIVED = 87
PASS, EXPECTED = 24, RECEIVED = 24
PASS, EXPECTED = f7, RECEIVED = f7
PASS, EXPECTED = 7e, RECEIVED = 7e
PASS, EXPECTED = 06, RECEIVED = 06
PASS, EXPECTED = 8a, RECEIVED = 8a
PASS, EXPECTED = 1b, RECEIVED = 1b
PASS, EXPECTED = b1, RECEIVED = b1
PASS, EXPECTED = 1d, RECEIVED = 1d
PASS, EXPECTED = 5b, RECEIVED = 5b
PASS, EXPECTED = 51, RECEIVED = 51
PASS, EXPECTED = 29, RECEIVED = 29
PASS, EXPECTED = 4f, RECEIVED = 4f
PASS, EXPECTED = 1b, RECEIVED = 1b
PASS, EXPECTED = 9c, RECEIVED = 9c
PASS, EXPECTED = 11, RECEIVED = 11
PASS, EXPECTED = 70, RECEIVED = 70
PASS, EXPECTED = 2b, RECEIVED = 2b
PASS, EXPECTED = c4, RECEIVED = c4
PASS, EXPECTED = a0, RECEIVED = a0
PASS, EXPECTED = 55, RECEIVED = 55
PASS, EXPECTED = f5, RECEIVED = f5
PASS, EXPECTED = 73, RECEIVED = 73
PASS, EXPECTED = 92, RECEIVED = 92
PASS, EXPECTED = 7c, RECEIVED = 7c
PASS, EXPECTED = f0, RECEIVED = f0
PASS, EXPECTED = 97, RECEIVED = 97
PASS, EXPECTED = 27, RECEIVED = 27
PASS, EXPECTED = 21, RECEIVED = 21
PASS, EXPECTED = b9, RECEIVED = b9
PASS, EXPECTED = 35, RECEIVED = 35
PASS, EXPECTED = bb, RECEIVED = bb
PASS, EXPECTED = 75, RECEIVED = 75
PASS, EXPECTED = be, RECEIVED = be
PASS, EXPECTED = 93, RECEIVED = 93
PASS, EXPECTED = 81, RECEIVED = 81
PASS, EXPECTED = 2d, RECEIVED = 2d
PASS, EXPECTED = c8, RECEIVED = c8
PASS, EXPECTED = a9, RECEIVED = a9
PASS, EXPECTED = 58, RECEIVED = 58
PASS, EXPECTED = 06, RECEIVED = 06
PASS, EXPECTED = 46, RECEIVED = 46
PASS, EXPECTED = cf, RECEIVED = cf
PASS, EXPECTED = f6, RECEIVED = f6
PASS, EXPECTED = a4, RECEIVED = a4
PASS, EXPECTED = 83, RECEIVED = 83
PASS, EXPECTED = eb, RECEIVED = eb
PASS, EXPECTED = e3, RECEIVED = e3
PASS, EXPECTED = 23, RECEIVED = 23
PASS, EXPECTED = 31, RECEIVED = 31
PASS, EXPECTED = 8c, RECEIVED = 8c
PASS, EXPECTED = a3, RECEIVED = a3
PASS, EXPECTED = 42, RECEIVED = 42
PASS, EXPECTED = 81, RECEIVED = 81
PASS, EXPECTED = a8, RECEIVED = a8
PASS, EXPECTED = 4c, RECEIVED = 4c
PASS, EXPECTED = 91, RECEIVED = 91
PASS, EXPECTED = 90, RECEIVED = 90
PASS, EXPECTED = e6, RECEIVED = e6
PASS, EXPECTED = 02, RECEIVED = 02
PASS, EXPECTED = e8, RECEIVED = e8
PASS, EXPECTED = e3, RECEIVED = e3
PASS, EXPECTED = 5e, RECEIVED = 5e
PASS, EXPECTED = 78, RECEIVED = 78
PASS, EXPECTED = 7f, RECEIVED = 7f
PASS, EXPECTED = 5e, RECEIVED = 5e
PASS, EXPECTED = 9a, RECEIVED = 9a
PASS, EXPECTED = 96, RECEIVED = 96
PASS, EXPECTED = af, RECEIVED = af
PASS, EXPECTED = 4b, RECEIVED = 4b
PASS, EXPECTED = e2, RECEIVED = e2
PASS, EXPECTED = e0, RECEIVED = e0
PASS, EXPECTED = a8, RECEIVED = a8
PASS, EXPECTED = c9, RECEIVED = c9
PASS, EXPECTED = ed, RECEIVED = ed
PASS, EXPECTED = f8, RECEIVED = f8
PASS, EXPECTED = 7e, RECEIVED = 7e
PASS, EXPECTED = 1a, RECEIVED = 1a
PASS, EXPECTED = 59, RECEIVED = 59
PASS, EXPECTED = 04, RECEIVED = 04
PASS, EXPECTED = 5f, RECEIVED = 5f
PASS, EXPECTED = 16, RECEIVED = 16
PASS, EXPECTED = e0, RECEIVED = e0
PASS, EXPECTED = 50, RECEIVED = 50
PASS, EXPECTED = 49, RECEIVED = 49
PASS, EXPECTED = e0, RECEIVED = e0
PASS, EXPECTED = 4b, RECEIVED = 4b
PASS, EXPECTED = 21, RECEIVED = 21
PASS, EXPECTED = 98, RECEIVED = 98
PASS, EXPECTED = 74, RECEIVED = 74
PASS, EXPECTED = f4, RECEIVED = f4
PASS, EXPECTED = 3e, RECEIVED = 3e
PASS, EXPECTED = 68, RECEIVED = 68
PASS, EXPECTED = dc, RECEIVED = dc
PASS, EXPECTED = 35, RECEIVED = 35
PASS, EXPECTED = 3d, RECEIVED = 3d
PASS, EXPECTED = 73, RECEIVED = 73
PASS, EXPECTED = e5, RECEIVED = e5
PASS, EXPECTED = df, RECEIVED = df
PASS, EXPECTED = 17, RECEIVED = 17
PASS, EXPECTED = 0c, RECEIVED = 0c
PASS, EXPECTED = 50, RECEIVED = 50
PASS, EXPECTED = 22, RECEIVED = 22
PASS, EXPECTED = c1, RECEIVED = c1
PASS, EXPECTED = 35, RECEIVED = 35
PASS, EXPECTED = d9, RECEIVED = d9
PASS, EXPECTED = 29, RECEIVED = 29
PASS, EXPECTED = bd, RECEIVED = bd
PASS, EXPECTED = c6, RECEIVED = c6
PASS, EXPECTED = 8d, RECEIVED = 8d
PASS, EXPECTED = e1, RECEIVED = e1
PASS, EXPECTED = 91, RECEIVED = 91
PASS, EXPECTED = 24, RECEIVED = 24
PASS, EXPECTED = 89, RECEIVED = 89
PASS, EXPECTED = 5c, RECEIVED = 5c
PASS, EXPECTED = 29, RECEIVED = 29
PASS, EXPECTED = 27, RECEIVED = 27
PASS, EXPECTED = b7, RECEIVED = b7
PASS, EXPECTED = bb, RECEIVED = bb
PASS, EXPECTED = de, RECEIVED = de
PASS, EXPECTED = 1d, RECEIVED = 1d
PASS, EXPECTED = 0b, RECEIVED = 0b
PASS, EXPECTED = bb, RECEIVED = bb
PASS, EXPECTED = f6, RECEIVED = f6
PASS, EXPECTED = 87, RECEIVED = 87
PASS, EXPECTED = 83, RECEIVED = 83
PASS, EXPECTED = 17, RECEIVED = 17
PASS, EXPECTED = 40, RECEIVED = 40
PASS, EXPECTED = 93, RECEIVED = 93
PASS, EXPECTED = b2, RECEIVED = b2
PASS, EXPECTED = 99, RECEIVED = 99
PASS, EXPECTED = 23, RECEIVED = 23
PASS, EXPECTED = 8c, RECEIVED = 8c
PASS, EXPECTED = 76, RECEIVED = 76
PASS, EXPECTED = 22, RECEIVED = 22
PASS, EXPECTED = 2a, RECEIVED = 2a
PASS, EXPECTED = d3, RECEIVED = d3
PASS, EXPECTED = f5, RECEIVED = f5
PASS, EXPECTED = de, RECEIVED = de
PASS, EXPECTED = e5, RECEIVED = e5
PASS, EXPECTED = 5b, RECEIVED = 5b
PASS, EXPECTED = cf, RECEIVED = cf
PASS, EXPECTED = 40, RECEIVED = 40
PASS, EXPECTED = c3, RECEIVED = c3
PASS, EXPECTED = c9, RECEIVED = c9
PASS, EXPECTED = 56, RECEIVED = 56
PASS, EXPECTED = 29, RECEIVED = 29
PASS, EXPECTED = 10, RECEIVED = 10
PASS, EXPECTED = ce, RECEIVED = ce
PASS, EXPECTED = 30, RECEIVED = 30
PASS, EXPECTED = 99, RECEIVED = 99
PASS, EXPECTED = e7, RECEIVED = e7
PASS, EXPECTED = e3, RECEIVED = e3
PASS, EXPECTED = e9, RECEIVED = e9
PASS, EXPECTED = d7, RECEIVED = d7
PASS, EXPECTED = 85, RECEIVED = 85
PASS, EXPECTED = 29, RECEIVED = 29
PASS, EXPECTED = e3, RECEIVED = e3
PASS, EXPECTED = 2a, RECEIVED = 2a
PASS, EXPECTED = 77, RECEIVED = 77
PASS, EXPECTED = d6, RECEIVED = d6
PASS, EXPECTED = 23, RECEIVED = 23
PASS, EXPECTED = 78, RECEIVED = 78
PASS, EXPECTED = 14, RECEIVED = 14
PASS, EXPECTED = 95, RECEIVED = 95
PASS, EXPECTED = 51, RECEIVED = 51
PASS, EXPECTED = ef, RECEIVED = ef
PASS, EXPECTED = 36, RECEIVED = 36
PASS, EXPECTED = 2e, RECEIVED = 2e
PASS, EXPECTED = 9e, RECEIVED = 9e
PASS, EXPECTED = 2d, RECEIVED = 2d
PASS, EXPECTED = 47, RECEIVED = 47
PASS, EXPECTED = 51, RECEIVED = 51
PASS, EXPECTED = 5f, RECEIVED = 5f
PASS, EXPECTED = 4b, RECEIVED = 4b
PASS, EXPECTED = d9, RECEIVED = d9
PASS, EXPECTED = ef, RECEIVED = ef
PASS, EXPECTED = a8, RECEIVED = a8
PASS, EXPECTED = 33, RECEIVED = 33
PASS, EXPECTED = 4f, RECEIVED = 4f
PASS, EXPECTED = 91, RECEIVED = 91
PASS, EXPECTED = b0, RECEIVED = b0
PASS, EXPECTED = 97, RECEIVED = 97
PASS, EXPECTED = d6, RECEIVED = d6
PASS, EXPECTED = 3a, RECEIVED = 3a
PASS, EXPECTED = 6e, RECEIVED = 6e
PASS, EXPECTED = 97, RECEIVED = 97
PASS, EXPECTED = 96, RECEIVED = 96
PASS, EXPECTED = 94, RECEIVED = 94
PASS, EXPECTED = 29, RECEIVED = 29
PASS, EXPECTED = 2b, RECEIVED = 2b
PASS, EXPECTED = d5, RECEIVED = d5
PASS, EXPECTED = 01, RECEIVED = 01
PASS, EXPECTED = b1, RECEIVED = b1
PASS, EXPECTED = be, RECEIVED = be
PASS, EXPECTED = 75, RECEIVED = 75
PASS, EXPECTED = 1e, RECEIVED = 1e
PASS, EXPECTED = 05, RECEIVED = 05
PASS, EXPECTED = 9a, RECEIVED = 9a
PASS, EXPECTED = 00, RECEIVED = 00
PASS, EXPECTED = a3, RECEIVED = a3
PASS, EXPECTED = d0, RECEIVED = d0
PASS, EXPECTED = 44, RECEIVED = 44
PASS, EXPECTED = b0, RECEIVED = b0
PASS, EXPECTED = da, RECEIVED = da
PASS, EXPECTED = c1, RECEIVED = c1
PASS, EXPECTED = 2c, RECEIVED = 2c
PASS, EXPECTED = 80, RECEIVED = 80
PASS, EXPECTED = b7, RECEIVED = b7
PASS, EXPECTED = ac, RECEIVED = ac
PASS, EXPECTED = 68, RECEIVED = 68
PASS, EXPECTED = 72, RECEIVED = 72
PASS, EXPECTED = f5, RECEIVED = f5
PASS, EXPECTED = 37, RECEIVED = 37
PASS, EXPECTED = b8, RECEIVED = b8
PASS, EXPECTED = 4c, RECEIVED = 4c
PASS, EXPECTED = 18, RECEIVED = 18
PASS, EXPECTED = 2f, RECEIVED = 2f
PASS, EXPECTED = ef, RECEIVED = ef
PASS, EXPECTED = 12, RECEIVED = 12
PASS, EXPECTED = 5c, RECEIVED = 5c
PASS, EXPECTED = 44, RECEIVED = 44
PASS, EXPECTED = 97, RECEIVED = 97
PASS, EXPECTED = 84, RECEIVED = 84
PASS, EXPECTED = 0d, RECEIVED = 0d
PASS, EXPECTED = b6, RECEIVED = b6
PASS, EXPECTED = c6, RECEIVED = c6
PASS, EXPECTED = de, RECEIVED = de
PASS, EXPECTED = 1f, RECEIVED = 1f
PASS, EXPECTED = 3a, RECEIVED = 3a
PASS, EXPECTED = b7, RECEIVED = b7
PASS, EXPECTED = 6f, RECEIVED = 6f
PASS, EXPECTED = b6, RECEIVED = b6
PASS, EXPECTED = 4c, RECEIVED = 4c
PASS, EXPECTED = 32, RECEIVED = 32
PASS, EXPECTED = b0, RECEIVED = b0
PASS, EXPECTED = 36, RECEIVED = 36
PASS, EXPECTED = 7a, RECEIVED = 7a
PASS, EXPECTED = 49, RECEIVED = 49
PASS, EXPECTED = 0d, RECEIVED = 0d
PASS, EXPECTED = b9, RECEIVED = b9
PASS, EXPECTED = b5, RECEIVED = b5
PASS, EXPECTED = 2f, RECEIVED = 2f
PASS, EXPECTED = 15, RECEIVED = 15
PASS, EXPECTED = 8e, RECEIVED = 8e
PASS, EXPECTED = 34, RECEIVED = 34
PASS, EXPECTED = 80, RECEIVED = 80
PASS, EXPECTED = 9d, RECEIVED = 9d
PASS, EXPECTED = b1, RECEIVED = b1
PASS, EXPECTED = 59, RECEIVED = 59
PASS, EXPECTED = 47, RECEIVED = 47
PASS, EXPECTED = 89, RECEIVED = 89
PASS, EXPECTED = c6, RECEIVED = c6
PASS, EXPECTED = 7f, RECEIVED = 7f
PASS, EXPECTED = 7b, RECEIVED = 7b
PASS, EXPECTED = 89, RECEIVED = 89
PASS, EXPECTED = 24, RECEIVED = 24
PASS, EXPECTED = ff, RECEIVED = ff
PASS, EXPECTED = 76, RECEIVED = 76
PASS, EXPECTED = 07, RECEIVED = 07
PASS, EXPECTED = 6b, RECEIVED = 6b
PASS, EXPECTED = 3b, RECEIVED = 3b
PASS, EXPECTED = d3, RECEIVED = d3
PASS, EXPECTED = e0, RECEIVED = e0
PASS, EXPECTED = 9b, RECEIVED = 9b
PASS, EXPECTED = 6b, RECEIVED = 6b
PASS, EXPECTED = 03, RECEIVED = 03
PASS, EXPECTED = 34, RECEIVED = 34
PASS, EXPECTED = f9, RECEIVED = f9
PASS, EXPECTED = af, RECEIVED = af
PASS, EXPECTED = e9, RECEIVED = e9
PASS, EXPECTED = 08, RECEIVED = 08
PASS, EXPECTED = 11, RECEIVED = 11
PASS, EXPECTED = 06, RECEIVED = 06
PASS, EXPECTED = 95, RECEIVED = 95
PASS, EXPECTED = 6d, RECEIVED = 6d
PASS, EXPECTED = 74, RECEIVED = 74
PASS, EXPECTED = ac, RECEIVED = ac
PASS, EXPECTED = da, RECEIVED = da
PASS, EXPECTED = e8, RECEIVED = e8
PASS, EXPECTED = dd, RECEIVED = dd
PASS, EXPECTED = dd, RECEIVED = dd
PASS, EXPECTED = 5a, RECEIVED = 5a
PASS, EXPECTED = c9, RECEIVED = c9
PASS, EXPECTED = d9, RECEIVED = d9
PASS, EXPECTED = df, RECEIVED = df
PASS, EXPECTED = 64, RECEIVED = 64
PASS, EXPECTED = 79, RECEIVED = 79
PASS, EXPECTED = 3b, RECEIVED = 3b
PASS, EXPECTED = a0, RECEIVED = a0
PASS, EXPECTED = eb, RECEIVED = eb
PASS, EXPECTED = 5a, RECEIVED = 5a
PASS, EXPECTED = 66, RECEIVED = 66
PASS, EXPECTED = 26, RECEIVED = 26
PASS, EXPECTED = cf, RECEIVED = cf
PASS, EXPECTED = 75, RECEIVED = 75
PASS, EXPECTED = e1, RECEIVED = e1
PASS, EXPECTED = 67, RECEIVED = 67
PASS, EXPECTED = 15, RECEIVED = 15
PASS, EXPECTED = f9, RECEIVED = f9
PASS, EXPECTED = b3, RECEIVED = b3
PASS, EXPECTED = 4b, RECEIVED = 4b
PASS, EXPECTED = f0, RECEIVED = f0
PASS, EXPECTED = 15, RECEIVED = 15
PASS, EXPECTED = fc, RECEIVED = fc
PASS, EXPECTED = 43, RECEIVED = 43
PASS, EXPECTED = 24, RECEIVED = 24
PASS, EXPECTED = 60, RECEIVED = 60
PASS, EXPECTED = 05, RECEIVED = 05
PASS, EXPECTED = 95, RECEIVED = 95
PASS, EXPECTED = 73, RECEIVED = 73
PASS, EXPECTED = 42, RECEIVED = 42
PASS, EXPECTED = 70, RECEIVED = 70
PASS, EXPECTED = 7c, RECEIVED = 7c
PASS, EXPECTED = db, RECEIVED = db
PASS, EXPECTED = 2f, RECEIVED = 2f
PASS, EXPECTED = 41, RECEIVED = 41
PASS, EXPECTED = 6d, RECEIVED = 6d
PASS, EXPECTED = 99, RECEIVED = 99
PASS, EXPECTED = 3f, RECEIVED = 3f
PASS, EXPECTED = 31, RECEIVED = 31
PASS, EXPECTED = 62, RECEIVED = 62
PASS, EXPECTED = 9b, RECEIVED = 9b
PASS, EXPECTED = 8d, RECEIVED = 8d
PASS, EXPECTED = 05, RECEIVED = 05
PASS, EXPECTED = 78, RECEIVED = 78
PASS, EXPECTED = 1d, RECEIVED = 1d
PASS, EXPECTED = ac, RECEIVED = ac
PASS, EXPECTED = de, RECEIVED = de
PASS, EXPECTED = be, RECEIVED = be
PASS, EXPECTED = 77, RECEIVED = 77
PASS, EXPECTED = a6, RECEIVED = a6
PASS, EXPECTED = 34, RECEIVED = 34
PASS, EXPECTED = 3f, RECEIVED = 3f
PASS, EXPECTED = 73, RECEIVED = 73
PASS, EXPECTED = af, RECEIVED = af
PASS, EXPECTED = ef, RECEIVED = ef
PASS, EXPECTED = 11, RECEIVED = 11
PASS, EXPECTED = d8, RECEIVED = d8
PASS, EXPECTED = 4f, RECEIVED = 4f
PASS, EXPECTED = 02, RECEIVED = 02
PASS, EXPECTED = 01, RECEIVED = 01
PASS, EXPECTED = 7c, RECEIVED = 7c
PASS, EXPECTED = 74, RECEIVED = 74
PASS, EXPECTED = e5, RECEIVED = e5
PASS, EXPECTED = e0, RECEIVED = e0
PASS, EXPECTED = 62, RECEIVED = 62
PASS, EXPECTED = ee, RECEIVED = ee
PASS, EXPECTED = d4, RECEIVED = d4
PASS, EXPECTED = 87, RECEIVED = 87
PASS, EXPECTED = 2a, RECEIVED = 2a
PASS, EXPECTED = 98, RECEIVED = 98
PASS, EXPECTED = 87, RECEIVED = 87
PASS, EXPECTED = 6a, RECEIVED = 6a
PASS, EXPECTED = 2e, RECEIVED = 2e
PASS, EXPECTED = be, RECEIVED = be
PASS, EXPECTED = 43, RECEIVED = 43
PASS, EXPECTED = d3, RECEIVED = d3
PASS, EXPECTED = 06, RECEIVED = 06
PASS, EXPECTED = 58, RECEIVED = 58
PASS, EXPECTED = 48, RECEIVED = 48
PASS, EXPECTED = 45, RECEIVED = 45
PASS, EXPECTED = d9, RECEIVED = d9
PASS, EXPECTED = 0c, RECEIVED = 0c
PASS, EXPECTED = d2, RECEIVED = d2
PASS, EXPECTED = ce, RECEIVED = ce
PASS, EXPECTED = 7d, RECEIVED = 7d
PASS, EXPECTED = 24, RECEIVED = 24
PASS, EXPECTED = f3, RECEIVED = f3
PASS, EXPECTED = ce, RECEIVED = ce
PASS, EXPECTED = e4, RECEIVED = e4

SCOREBOARD RESULT & COVERAGE
TOTAL ITERATIONS: 1000
TOTAL WRITES: 569
TOTAL READS: 558
SIMULTANEOUS READ AND WRITE: 301
OVERFLOW CASES: 0
UNDERFLOW CASES: 2
SUCCESS:FAILURE :: 558:0
$finish called at time : 60871 ns : File "C:/Users/Jagakishan/Vivado/SystemVerilog/Asynchronous_FIFO_Verfication/Asynchronous_FIFO_Verfication.srcs/sim_1/new/constrained_tb.sv" Line 63
